<?xml version="1.0" encoding="UTF-8"?>
<coverage generated="1760630667744" clover="3.2.0">
  <project timestamp="1760630667744" name="All files">
    <metrics statements="249" coveredstatements="187" conditionals="52" coveredconditionals="41" methods="11" coveredmethods="9" elements="312" coveredelements="237" complexity="0" loc="249" ncloc="249" packages="2" files="3" classes="3"/>
    <package name="example.src">
      <metrics statements="34" coveredstatements="0" conditionals="2" coveredconditionals="0" methods="2" coveredmethods="0"/>
      <file name="App.tsx" path="D:\Programming\vite-plugin-brotli-compress\example\src\App.tsx">
        <metrics statements="26" coveredstatements="0" conditionals="1" coveredconditionals="0" methods="1" coveredmethods="0"/>
        <line num="1" count="0" type="cond" truecount="0" falsecount="1"/>
        <line num="3" count="0" type="stmt"/>
        <line num="4" count="0" type="stmt"/>
        <line num="5" count="0" type="stmt"/>
        <line num="6" count="0" type="stmt"/>
        <line num="7" count="0" type="stmt"/>
        <line num="8" count="0" type="stmt"/>
        <line num="10" count="0" type="stmt"/>
        <line num="11" count="0" type="stmt"/>
        <line num="12" count="0" type="stmt"/>
        <line num="13" count="0" type="stmt"/>
        <line num="14" count="0" type="stmt"/>
        <line num="15" count="0" type="stmt"/>
        <line num="16" count="0" type="stmt"/>
        <line num="17" count="0" type="stmt"/>
        <line num="18" count="0" type="stmt"/>
        <line num="19" count="0" type="stmt"/>
        <line num="21" count="0" type="stmt"/>
        <line num="22" count="0" type="stmt"/>
        <line num="23" count="0" type="stmt"/>
        <line num="24" count="0" type="stmt"/>
        <line num="26" count="0" type="stmt"/>
        <line num="27" count="0" type="stmt"/>
        <line num="28" count="0" type="stmt"/>
        <line num="30" count="0" type="stmt"/>
        <line num="32" count="0" type="stmt"/>
      </file>
      <file name="main.tsx" path="D:\Programming\vite-plugin-brotli-compress\example\src\main.tsx">
        <metrics statements="8" coveredstatements="0" conditionals="1" coveredconditionals="0" methods="1" coveredmethods="0"/>
        <line num="1" count="0" type="cond" truecount="0" falsecount="1"/>
        <line num="2" count="0" type="stmt"/>
        <line num="3" count="0" type="stmt"/>
        <line num="5" count="0" type="stmt"/>
        <line num="6" count="0" type="stmt"/>
        <line num="7" count="0" type="stmt"/>
        <line num="8" count="0" type="stmt"/>
        <line num="9" count="0" type="stmt"/>
      </file>
    </package>
    <package name="src">
      <metrics statements="215" coveredstatements="187" conditionals="50" coveredconditionals="41" methods="9" coveredmethods="9"/>
      <file name="index.ts" path="D:\Programming\vite-plugin-brotli-compress\src\index.ts">
        <metrics statements="215" coveredstatements="187" conditionals="50" coveredconditionals="41" methods="9" coveredmethods="9"/>
        <line num="2" count="1" type="stmt"/>
        <line num="3" count="1" type="stmt"/>
        <line num="4" count="1" type="stmt"/>
        <line num="9" count="1" type="cond" truecount="1" falsecount="0"/>
        <line num="11" count="1" type="stmt"/>
        <line num="13" count="1" type="stmt"/>
        <line num="15" count="1" type="stmt"/>
        <line num="17" count="1" type="stmt"/>
        <line num="19" count="1" type="stmt"/>
        <line num="86" count="46" type="cond" truecount="1" falsecount="0"/>
        <line num="87" count="46" type="stmt"/>
        <line num="90" count="46" type="stmt"/>
        <line num="91" count="46" type="stmt"/>
        <line num="92" count="46" type="stmt"/>
        <line num="93" count="46" type="stmt"/>
        <line num="94" count="46" type="stmt"/>
        <line num="95" count="46" type="stmt"/>
        <line num="96" count="46" type="stmt"/>
        <line num="97" count="46" type="stmt"/>
        <line num="98" count="46" type="stmt"/>
        <line num="99" count="46" type="stmt"/>
        <line num="101" count="46" type="stmt"/>
        <line num="102" count="46" type="stmt"/>
        <line num="105" count="46" type="cond" truecount="1" falsecount="0"/>
        <line num="106" count="38" type="stmt"/>
        <line num="107" count="38" type="stmt"/>
        <line num="110" count="46" type="cond" truecount="1" falsecount="0"/>
        <line num="111" count="37" type="stmt"/>
        <line num="112" count="37" type="stmt"/>
        <line num="114" count="37" type="cond" truecount="1" falsecount="0"/>
        <line num="115" count="2" type="stmt"/>
        <line num="116" count="2" type="stmt"/>
        <line num="118" count="37" type="stmt"/>
        <line num="120" count="37" type="stmt"/>
        <line num="122" count="37" type="cond" truecount="1" falsecount="0"/>
        <line num="123" count="4" type="cond" truecount="0" falsecount="1"/>
        <line num="124" count="0" type="stmt"/>
        <line num="125" count="0" type="stmt"/>
        <line num="126" count="4" type="stmt"/>
        <line num="127" count="4" type="cond" truecount="1" falsecount="0"/>
        <line num="130" count="33" type="stmt"/>
        <line num="131" count="33" type="stmt"/>
        <line num="132" count="33" type="stmt"/>
        <line num="133" count="33" type="stmt"/>
        <line num="134" count="33" type="stmt"/>
        <line num="135" count="33" type="stmt"/>
        <line num="136" count="33" type="stmt"/>
        <line num="138" count="33" type="stmt"/>
        <line num="139" count="33" type="stmt"/>
        <line num="141" count="37" type="cond" truecount="1" falsecount="0"/>
        <line num="142" count="2" type="stmt"/>
        <line num="143" count="2" type="stmt"/>
        <line num="144" count="37" type="cond" truecount="0" falsecount="1"/>
        <line num="145" count="0" type="stmt"/>
        <line num="146" count="0" type="stmt"/>
        <line num="147" count="0" type="stmt"/>
        <line num="148" count="37" type="stmt"/>
        <line num="149" count="46" type="stmt"/>
        <line num="150" count="46" type="stmt"/>
        <line num="166" count="48" type="cond" truecount="1" falsecount="0"/>
        <line num="167" count="48" type="stmt"/>
        <line num="168" count="48" type="stmt"/>
        <line num="169" count="48" type="stmt"/>
        <line num="170" count="48" type="stmt"/>
        <line num="171" count="48" type="stmt"/>
        <line num="172" count="48" type="stmt"/>
        <line num="174" count="48" type="cond" truecount="0" falsecount="1"/>
        <line num="175" count="0" type="stmt"/>
        <line num="176" count="0" type="stmt"/>
        <line num="177" count="48" type="stmt"/>
        <line num="179" count="48" type="stmt"/>
        <line num="180" count="48" type="stmt"/>
        <line num="181" count="48" type="stmt"/>
        <line num="183" count="48" type="cond" truecount="1" falsecount="0"/>
        <line num="184" count="198" type="stmt"/>
        <line num="186" count="198" type="cond" truecount="1" falsecount="0"/>
        <line num="187" count="11" type="stmt"/>
        <line num="188" count="11" type="stmt"/>
        <line num="189" count="11" type="stmt"/>
        <line num="190" count="11" type="cond" truecount="0" falsecount="1"/>
        <line num="192" count="0" type="stmt"/>
        <line num="193" count="0" type="stmt"/>
        <line num="194" count="198" type="cond" truecount="3" falsecount="0"/>
        <line num="195" count="184" type="stmt"/>
        <line num="196" count="184" type="stmt"/>
        <line num="197" count="184" type="stmt"/>
        <line num="200" count="184" type="cond" truecount="1" falsecount="0"/>
        <line num="201" count="3" type="stmt"/>
        <line num="202" count="3" type="cond" truecount="1" falsecount="0"/>
        <line num="205" count="184" type="cond" truecount="2" falsecount="0"/>
        <line num="206" count="3" type="stmt"/>
        <line num="207" count="3" type="cond" truecount="1" falsecount="0"/>
        <line num="209" count="178" type="stmt"/>
        <line num="210" count="184" type="cond" truecount="0" falsecount="1"/>
        <line num="212" count="0" type="stmt"/>
        <line num="213" count="0" type="stmt"/>
        <line num="214" count="184" type="stmt"/>
        <line num="215" count="198" type="cond" truecount="1" falsecount="0"/>
        <line num="217" count="47" type="stmt"/>
        <line num="218" count="48" type="cond" truecount="1" falsecount="0"/>
        <line num="220" count="1" type="stmt"/>
        <line num="221" count="1" type="stmt"/>
        <line num="222" count="48" type="stmt"/>
        <line num="227" count="33" type="cond" truecount="1" falsecount="0"/>
        <line num="228" count="33" type="stmt"/>
        <line num="229" count="33" type="stmt"/>
        <line num="230" count="33" type="stmt"/>
        <line num="231" count="33" type="stmt"/>
        <line num="232" count="33" type="stmt"/>
        <line num="233" count="33" type="stmt"/>
        <line num="234" count="33" type="stmt"/>
        <line num="235" count="33" type="stmt"/>
        <line num="236" count="33" type="stmt"/>
        <line num="237" count="33" type="stmt"/>
        <line num="238" count="33" type="stmt"/>
        <line num="239" count="33" type="stmt"/>
        <line num="241" count="33" type="cond" truecount="1" falsecount="0"/>
        <line num="243" count="32" type="stmt"/>
        <line num="245" count="32" type="cond" truecount="1" falsecount="0"/>
        <line num="246" count="49" type="stmt"/>
        <line num="247" count="49" type="cond" truecount="1" falsecount="0"/>
        <line num="248" count="49" type="stmt"/>
        <line num="250" count="49" type="cond" truecount="1" falsecount="0"/>
        <line num="251" count="173" type="cond" truecount="1" falsecount="0"/>
        <line num="252" count="171" type="stmt"/>
        <line num="253" count="171" type="stmt"/>
        <line num="254" count="171" type="stmt"/>
        <line num="255" count="173" type="cond" truecount="1" falsecount="0"/>
        <line num="256" count="2" type="stmt"/>
        <line num="257" count="2" type="cond" truecount="0" falsecount="1"/>
        <line num="258" count="0" type="stmt"/>
        <line num="259" count="0" type="stmt"/>
        <line num="260" count="2" type="stmt"/>
        <line num="261" count="173" type="stmt"/>
        <line num="262" count="49" type="stmt"/>
        <line num="263" count="33" type="cond" truecount="1" falsecount="0"/>
        <line num="265" count="1" type="cond" truecount="1" falsecount="0"/>
        <line num="266" count="5" type="stmt"/>
        <line num="267" count="5" type="stmt"/>
        <line num="268" count="5" type="stmt"/>
        <line num="269" count="5" type="stmt"/>
        <line num="270" count="5" type="stmt"/>
        <line num="271" count="5" type="cond" truecount="0" falsecount="1"/>
        <line num="272" count="0" type="stmt"/>
        <line num="273" count="0" type="stmt"/>
        <line num="274" count="0" type="stmt"/>
        <line num="275" count="0" type="stmt"/>
        <line num="276" count="0" type="stmt"/>
        <line num="277" count="5" type="stmt"/>
        <line num="278" count="1" type="stmt"/>
        <line num="280" count="33" type="cond" truecount="1" falsecount="0"/>
        <line num="281" count="22" type="cond" truecount="1" falsecount="0"/>
        <line num="282" count="11" type="stmt"/>
        <line num="284" count="33" type="stmt"/>
        <line num="285" count="33" type="stmt"/>
        <line num="290" count="178" type="cond" truecount="1" falsecount="0"/>
        <line num="291" count="178" type="cond" truecount="1" falsecount="0"/>
        <line num="292" count="178" type="stmt"/>
        <line num="293" count="178" type="stmt"/>
        <line num="294" count="178" type="stmt"/>
        <line num="295" count="178" type="stmt"/>
        <line num="296" count="178" type="stmt"/>
        <line num="298" count="178" type="stmt"/>
        <line num="299" count="178" type="stmt"/>
        <line num="300" count="178" type="stmt"/>
        <line num="302" count="178" type="stmt"/>
        <line num="303" count="178" type="stmt"/>
        <line num="305" count="178" type="cond" truecount="1" falsecount="0"/>
        <line num="306" count="172" type="stmt"/>
        <line num="307" count="178" type="stmt"/>
        <line num="309" count="178" type="stmt"/>
        <line num="310" count="0" type="stmt"/>
        <line num="311" count="178" type="stmt"/>
        <line num="313" count="178" type="stmt"/>
        <line num="315" count="178" type="cond" truecount="1" falsecount="0"/>
        <line num="317" count="176" type="cond" truecount="1" falsecount="0"/>
        <line num="318" count="3" type="stmt"/>
        <line num="319" count="3" type="stmt"/>
        <line num="320" count="3" type="cond" truecount="0" falsecount="1"/>
        <line num="321" count="0" type="stmt"/>
        <line num="322" count="0" type="stmt"/>
        <line num="323" count="0" type="stmt"/>
        <line num="324" count="0" type="stmt"/>
        <line num="325" count="3" type="stmt"/>
        <line num="326" count="176" type="stmt"/>
        <line num="327" count="178" type="stmt"/>
        <line num="329" count="178" type="stmt"/>
        <line num="330" count="178" type="stmt"/>
        <line num="331" count="178" type="stmt"/>
        <line num="332" count="178" type="stmt"/>
        <line num="337" count="32" type="cond" truecount="1" falsecount="0"/>
        <line num="338" count="32" type="stmt"/>
        <line num="339" count="32" type="cond" truecount="1" falsecount="0"/>
        <line num="340" count="49" type="stmt"/>
        <line num="341" count="49" type="stmt"/>
        <line num="342" count="32" type="stmt"/>
        <line num="343" count="32" type="stmt"/>
        <line num="348" count="2" type="cond" truecount="1" falsecount="0"/>
        <line num="349" count="2" type="stmt"/>
        <line num="350" count="2" type="stmt"/>
        <line num="351" count="2" type="stmt"/>
        <line num="352" count="2" type="stmt"/>
        <line num="353" count="2" type="stmt"/>
        <line num="354" count="2" type="stmt"/>
        <line num="355" count="2" type="stmt"/>
        <line num="356" count="2" type="stmt"/>
        <line num="357" count="2" type="stmt"/>
        <line num="358" count="2" type="stmt"/>
        <line num="363" count="4" type="cond" truecount="1" falsecount="0"/>
        <line num="364" count="4" type="cond" truecount="0" falsecount="1"/>
        <line num="366" count="0" type="stmt"/>
        <line num="367" count="0" type="stmt"/>
        <line num="368" count="0" type="stmt"/>
        <line num="370" count="0" type="stmt"/>
        <line num="371" count="0" type="stmt"/>
      </file>
    </package>
  </project>
</coverage>
