{"D:\\Programming\\vite-plugin-brotli-compress\\example\\src\\App.tsx": {"path":"D:\\Programming\\vite-plugin-brotli-compress\\example\\src\\App.tsx","all":true,"statementMap":{"0":{"start":{"line":1,"column":0},"end":{"line":1,"column":25}},"2":{"start":{"line":3,"column":0},"end":{"line":3,"column":16}},"3":{"start":{"line":4,"column":0},"end":{"line":4,"column":10}},"4":{"start":{"line":5,"column":0},"end":{"line":5,"column":70}},"5":{"start":{"line":6,"column":0},"end":{"line":6,"column":50}},"6":{"start":{"line":7,"column":0},"end":{"line":7,"column":88}},"7":{"start":{"line":8,"column":0},"end":{"line":8,"column":76}},"9":{"start":{"line":10,"column":0},"end":{"line":10,"column":41}},"10":{"start":{"line":11,"column":0},"end":{"line":11,"column":26}},"11":{"start":{"line":12,"column":0},"end":{"line":12,"column":12}},"12":{"start":{"line":13,"column":0},"end":{"line":13,"column":49}},"13":{"start":{"line":14,"column":0},"end":{"line":14,"column":53}},"14":{"start":{"line":15,"column":0},"end":{"line":15,"column":43}},"15":{"start":{"line":16,"column":0},"end":{"line":16,"column":40}},"16":{"start":{"line":17,"column":0},"end":{"line":17,"column":52}},"17":{"start":{"line":18,"column":0},"end":{"line":18,"column":13}},"18":{"start":{"line":19,"column":0},"end":{"line":19,"column":12}},"20":{"start":{"line":21,"column":0},"end":{"line":21,"column":41}},"21":{"start":{"line":22,"column":0},"end":{"line":22,"column":32}},"22":{"start":{"line":23,"column":0},"end":{"line":23,"column":85}},"23":{"start":{"line":24,"column":0},"end":{"line":24,"column":15}},"25":{"start":{"line":26,"column":0},"end":{"line":26,"column":14}},"26":{"start":{"line":27,"column":0},"end":{"line":27,"column":12}},"27":{"start":{"line":28,"column":0},"end":{"line":28,"column":10}},"29":{"start":{"line":30,"column":0},"end":{"line":30,"column":1}},"31":{"start":{"line":32,"column":0},"end":{"line":32,"column":18}}},"s":{"0":0,"2":0,"3":0,"4":0,"5":0,"6":0,"7":0,"9":0,"10":0,"11":0,"12":0,"13":0,"14":0,"15":0,"16":0,"17":0,"18":0,"20":0,"21":0,"22":0,"23":0,"25":0,"26":0,"27":0,"29":0,"31":0},"branchMap":{"0":{"type":"branch","line":1,"loc":{"start":{"line":1,"column":986},"end":{"line":32,"column":18}},"locations":[{"start":{"line":1,"column":986},"end":{"line":32,"column":18}}]}},"b":{"0":[0]},"fnMap":{"0":{"name":"(empty-report)","decl":{"start":{"line":1,"column":986},"end":{"line":32,"column":18}},"loc":{"start":{"line":1,"column":986},"end":{"line":32,"column":18}},"line":1}},"f":{"0":0}}
,"D:\\Programming\\vite-plugin-brotli-compress\\example\\src\\main.tsx": {"path":"D:\\Programming\\vite-plugin-brotli-compress\\example\\src\\main.tsx","all":true,"statementMap":{"0":{"start":{"line":1,"column":0},"end":{"line":1,"column":25}},"1":{"start":{"line":2,"column":0},"end":{"line":2,"column":39}},"2":{"start":{"line":3,"column":0},"end":{"line":3,"column":27}},"4":{"start":{"line":5,"column":0},"end":{"line":5,"column":61}},"5":{"start":{"line":6,"column":0},"end":{"line":6,"column":20}},"6":{"start":{"line":7,"column":0},"end":{"line":7,"column":11}},"7":{"start":{"line":8,"column":0},"end":{"line":8,"column":22}},"8":{"start":{"line":9,"column":0},"end":{"line":9,"column":1}}},"s":{"0":0,"1":0,"2":0,"4":0,"5":0,"6":0,"7":0,"8":0},"branchMap":{"0":{"type":"branch","line":1,"loc":{"start":{"line":1,"column":0},"end":{"line":9,"column":-120}},"locations":[{"start":{"line":1,"column":0},"end":{"line":9,"column":-120}}]}},"b":{"0":[0]},"fnMap":{"0":{"name":"(empty-report)","decl":{"start":{"line":1,"column":0},"end":{"line":9,"column":-120}},"loc":{"start":{"line":1,"column":0},"end":{"line":9,"column":-120}},"line":1}},"f":{"0":0}}
,"D:\\Programming\\vite-plugin-brotli-compress\\src\\index.ts": {"path":"D:\\Programming\\vite-plugin-brotli-compress\\src\\index.ts","all":false,"statementMap":{"1":{"start":{"line":2,"column":0},"end":{"line":2,"column":24}},"2":{"start":{"line":3,"column":0},"end":{"line":3,"column":20}},"3":{"start":{"line":4,"column":0},"end":{"line":4,"column":24}},"8":{"start":{"line":9,"column":0},"end":{"line":9,"column":27}},"10":{"start":{"line":11,"column":0},"end":{"line":11,"column":14}},"12":{"start":{"line":13,"column":0},"end":{"line":13,"column":11}},"14":{"start":{"line":15,"column":0},"end":{"line":15,"column":14}},"16":{"start":{"line":17,"column":0},"end":{"line":17,"column":11}},"18":{"start":{"line":19,"column":0},"end":{"line":19,"column":14}},"85":{"start":{"line":86,"column":0},"end":{"line":86,"column":77}},"86":{"start":{"line":87,"column":0},"end":{"line":87,"column":33}},"89":{"start":{"line":90,"column":0},"end":{"line":90,"column":9}},"90":{"start":{"line":91,"column":0},"end":{"line":91,"column":69}},"91":{"start":{"line":92,"column":0},"end":{"line":92,"column":19}},"92":{"start":{"line":93,"column":0},"end":{"line":93,"column":36}},"93":{"start":{"line":94,"column":0},"end":{"line":94,"column":19}},"94":{"start":{"line":95,"column":0},"end":{"line":95,"column":27}},"95":{"start":{"line":96,"column":0},"end":{"line":96,"column":19}},"96":{"start":{"line":97,"column":0},"end":{"line":97,"column":20}},"97":{"start":{"line":98,"column":0},"end":{"line":98,"column":20}},"98":{"start":{"line":99,"column":0},"end":{"line":99,"column":14}},"100":{"start":{"line":101,"column":0},"end":{"line":101,"column":10}},"101":{"start":{"line":102,"column":0},"end":{"line":102,"column":40}},"104":{"start":{"line":105,"column":0},"end":{"line":105,"column":36}},"105":{"start":{"line":106,"column":0},"end":{"line":106,"column":34}},"106":{"start":{"line":107,"column":0},"end":{"line":107,"column":6}},"109":{"start":{"line":110,"column":0},"end":{"line":110,"column":25}},"110":{"start":{"line":111,"column":0},"end":{"line":111,"column":35}},"111":{"start":{"line":112,"column":0},"end":{"line":112,"column":45}},"113":{"start":{"line":114,"column":0},"end":{"line":114,"column":20}},"114":{"start":{"line":115,"column":0},"end":{"line":115,"column":86}},"115":{"start":{"line":116,"column":0},"end":{"line":116,"column":7}},"117":{"start":{"line":118,"column":0},"end":{"line":118,"column":11}},"119":{"start":{"line":120,"column":0},"end":{"line":120,"column":93}},"121":{"start":{"line":122,"column":0},"end":{"line":122,"column":43}},"122":{"start":{"line":123,"column":0},"end":{"line":123,"column":24}},"123":{"start":{"line":124,"column":0},"end":{"line":124,"column":94}},"124":{"start":{"line":125,"column":0},"end":{"line":125,"column":11}},"125":{"start":{"line":126,"column":0},"end":{"line":126,"column":17}},"126":{"start":{"line":127,"column":0},"end":{"line":127,"column":9}},"129":{"start":{"line":130,"column":0},"end":{"line":130,"column":60}},"130":{"start":{"line":131,"column":0},"end":{"line":131,"column":18}},"131":{"start":{"line":132,"column":0},"end":{"line":132,"column":25}},"132":{"start":{"line":133,"column":0},"end":{"line":133,"column":19}},"133":{"start":{"line":134,"column":0},"end":{"line":134,"column":22}},"134":{"start":{"line":135,"column":0},"end":{"line":135,"column":17}},"135":{"start":{"line":136,"column":0},"end":{"line":136,"column":11}},"137":{"start":{"line":138,"column":0},"end":{"line":138,"column":51}},"138":{"start":{"line":139,"column":0},"end":{"line":139,"column":40}},"140":{"start":{"line":141,"column":0},"end":{"line":141,"column":22}},"141":{"start":{"line":142,"column":0},"end":{"line":142,"column":39}},"142":{"start":{"line":143,"column":0},"end":{"line":143,"column":9}},"143":{"start":{"line":144,"column":0},"end":{"line":144,"column":23}},"144":{"start":{"line":145,"column":0},"end":{"line":145,"column":88}},"145":{"start":{"line":146,"column":0},"end":{"line":146,"column":20}},"146":{"start":{"line":147,"column":0},"end":{"line":147,"column":7}},"147":{"start":{"line":148,"column":0},"end":{"line":148,"column":6}},"148":{"start":{"line":149,"column":0},"end":{"line":149,"column":4}},"149":{"start":{"line":150,"column":0},"end":{"line":150,"column":1}},"165":{"start":{"line":166,"column":0},"end":{"line":166,"column":25}},"166":{"start":{"line":167,"column":0},"end":{"line":167,"column":15}},"167":{"start":{"line":168,"column":0},"end":{"line":168,"column":24}},"168":{"start":{"line":169,"column":0},"end":{"line":169,"column":18}},"169":{"start":{"line":170,"column":0},"end":{"line":170,"column":67}},"170":{"start":{"line":171,"column":0},"end":{"line":171,"column":38}},"171":{"start":{"line":172,"column":0},"end":{"line":172,"column":22}},"173":{"start":{"line":174,"column":0},"end":{"line":174,"column":29}},"174":{"start":{"line":175,"column":0},"end":{"line":175,"column":14}},"175":{"start":{"line":176,"column":0},"end":{"line":176,"column":3}},"176":{"start":{"line":177,"column":0},"end":{"line":177,"column":23}},"178":{"start":{"line":179,"column":0},"end":{"line":179,"column":7}},"179":{"start":{"line":180,"column":0},"end":{"line":180,"column":65}},"180":{"start":{"line":181,"column":0},"end":{"line":181,"column":31}},"182":{"start":{"line":183,"column":0},"end":{"line":183,"column":34}},"183":{"start":{"line":184,"column":0},"end":{"line":184,"column":53}},"185":{"start":{"line":186,"column":0},"end":{"line":186,"column":32}},"186":{"start":{"line":187,"column":0},"end":{"line":187,"column":13}},"187":{"start":{"line":188,"column":0},"end":{"line":188,"column":103}},"188":{"start":{"line":189,"column":0},"end":{"line":189,"column":34}},"189":{"start":{"line":190,"column":0},"end":{"line":190,"column":25}},"191":{"start":{"line":192,"column":0},"end":{"line":192,"column":19}},"192":{"start":{"line":193,"column":0},"end":{"line":193,"column":9}},"193":{"start":{"line":194,"column":0},"end":{"line":194,"column":74}},"194":{"start":{"line":195,"column":0},"end":{"line":195,"column":13}},"195":{"start":{"line":196,"column":0},"end":{"line":196,"column":46}},"196":{"start":{"line":197,"column":0},"end":{"line":197,"column":38}},"199":{"start":{"line":200,"column":0},"end":{"line":200,"column":35}},"200":{"start":{"line":201,"column":0},"end":{"line":201,"column":21}},"201":{"start":{"line":202,"column":0},"end":{"line":202,"column":11}},"204":{"start":{"line":205,"column":0},"end":{"line":205,"column":70}},"205":{"start":{"line":206,"column":0},"end":{"line":206,"column":21}},"206":{"start":{"line":207,"column":0},"end":{"line":207,"column":11}},"208":{"start":{"line":209,"column":0},"end":{"line":209,"column":31}},"209":{"start":{"line":210,"column":0},"end":{"line":210,"column":25}},"211":{"start":{"line":212,"column":0},"end":{"line":212,"column":19}},"212":{"start":{"line":213,"column":0},"end":{"line":213,"column":9}},"213":{"start":{"line":214,"column":0},"end":{"line":214,"column":7}},"214":{"start":{"line":215,"column":0},"end":{"line":215,"column":5}},"216":{"start":{"line":217,"column":0},"end":{"line":217,"column":17}},"217":{"start":{"line":218,"column":0},"end":{"line":218,"column":19}},"219":{"start":{"line":220,"column":0},"end":{"line":220,"column":14}},"220":{"start":{"line":221,"column":0},"end":{"line":221,"column":3}},"221":{"start":{"line":222,"column":0},"end":{"line":222,"column":1}},"226":{"start":{"line":227,"column":0},"end":{"line":227,"column":29}},"227":{"start":{"line":228,"column":0},"end":{"line":228,"column":19}},"228":{"start":{"line":229,"column":0},"end":{"line":229,"column":29}},"229":{"start":{"line":230,"column":0},"end":{"line":230,"column":30}},"230":{"start":{"line":231,"column":0},"end":{"line":231,"column":35}},"231":{"start":{"line":232,"column":0},"end":{"line":232,"column":29}},"232":{"start":{"line":233,"column":0},"end":{"line":233,"column":23}},"233":{"start":{"line":234,"column":0},"end":{"line":234,"column":20}},"234":{"start":{"line":235,"column":0},"end":{"line":235,"column":25}},"235":{"start":{"line":236,"column":0},"end":{"line":236,"column":27}},"236":{"start":{"line":237,"column":0},"end":{"line":237,"column":24}},"237":{"start":{"line":238,"column":0},"end":{"line":238,"column":18}},"238":{"start":{"line":239,"column":0},"end":{"line":239,"column":4}},"240":{"start":{"line":241,"column":0},"end":{"line":241,"column":25}},"242":{"start":{"line":243,"column":0},"end":{"line":243,"column":58}},"244":{"start":{"line":245,"column":0},"end":{"line":245,"column":33}},"245":{"start":{"line":246,"column":0},"end":{"line":246,"column":47}},"246":{"start":{"line":247,"column":0},"end":{"line":247,"column":62}},"247":{"start":{"line":248,"column":0},"end":{"line":248,"column":8}},"249":{"start":{"line":250,"column":0},"end":{"line":250,"column":37}},"250":{"start":{"line":251,"column":0},"end":{"line":251,"column":44}},"251":{"start":{"line":252,"column":0},"end":{"line":252,"column":34}},"252":{"start":{"line":253,"column":0},"end":{"line":253,"column":63}},"253":{"start":{"line":254,"column":0},"end":{"line":254,"column":67}},"254":{"start":{"line":255,"column":0},"end":{"line":255,"column":16}},"255":{"start":{"line":256,"column":0},"end":{"line":256,"column":31}},"256":{"start":{"line":257,"column":0},"end":{"line":257,"column":32}},"257":{"start":{"line":258,"column":0},"end":{"line":258,"column":100}},"258":{"start":{"line":259,"column":0},"end":{"line":259,"column":11}},"259":{"start":{"line":260,"column":0},"end":{"line":260,"column":9}},"260":{"start":{"line":261,"column":0},"end":{"line":261,"column":7}},"261":{"start":{"line":262,"column":0},"end":{"line":262,"column":5}},"262":{"start":{"line":263,"column":0},"end":{"line":263,"column":10}},"264":{"start":{"line":265,"column":0},"end":{"line":265,"column":35}},"265":{"start":{"line":266,"column":0},"end":{"line":266,"column":11}},"266":{"start":{"line":267,"column":0},"end":{"line":267,"column":61}},"267":{"start":{"line":268,"column":0},"end":{"line":268,"column":32}},"268":{"start":{"line":269,"column":0},"end":{"line":269,"column":55}},"269":{"start":{"line":270,"column":0},"end":{"line":270,"column":59}},"270":{"start":{"line":271,"column":0},"end":{"line":271,"column":23}},"271":{"start":{"line":272,"column":0},"end":{"line":272,"column":29}},"272":{"start":{"line":273,"column":0},"end":{"line":273,"column":30}},"273":{"start":{"line":274,"column":0},"end":{"line":274,"column":100}},"274":{"start":{"line":275,"column":0},"end":{"line":275,"column":9}},"275":{"start":{"line":276,"column":0},"end":{"line":276,"column":7}},"276":{"start":{"line":277,"column":0},"end":{"line":277,"column":5}},"277":{"start":{"line":278,"column":0},"end":{"line":278,"column":3}},"279":{"start":{"line":280,"column":0},"end":{"line":280,"column":55}},"280":{"start":{"line":281,"column":0},"end":{"line":281,"column":94}},"281":{"start":{"line":282,"column":0},"end":{"line":282,"column":8}},"283":{"start":{"line":284,"column":0},"end":{"line":284,"column":15}},"284":{"start":{"line":285,"column":0},"end":{"line":285,"column":1}},"289":{"start":{"line":290,"column":0},"end":{"line":290,"column":127}},"290":{"start":{"line":291,"column":0},"end":{"line":291,"column":43}},"291":{"start":{"line":292,"column":0},"end":{"line":292,"column":54}},"292":{"start":{"line":293,"column":0},"end":{"line":293,"column":15}},"293":{"start":{"line":294,"column":0},"end":{"line":294,"column":90}},"294":{"start":{"line":295,"column":0},"end":{"line":295,"column":8}},"295":{"start":{"line":296,"column":0},"end":{"line":296,"column":7}},"297":{"start":{"line":298,"column":0},"end":{"line":298,"column":53}},"298":{"start":{"line":299,"column":0},"end":{"line":299,"column":44}},"299":{"start":{"line":300,"column":0},"end":{"line":300,"column":61}},"301":{"start":{"line":302,"column":0},"end":{"line":302,"column":25}},"302":{"start":{"line":303,"column":0},"end":{"line":303,"column":27}},"304":{"start":{"line":305,"column":0},"end":{"line":305,"column":38}},"305":{"start":{"line":306,"column":0},"end":{"line":306,"column":35}},"306":{"start":{"line":307,"column":0},"end":{"line":307,"column":7}},"308":{"start":{"line":309,"column":0},"end":{"line":309,"column":39}},"309":{"start":{"line":310,"column":0},"end":{"line":310,"column":37}},"310":{"start":{"line":311,"column":0},"end":{"line":311,"column":7}},"312":{"start":{"line":313,"column":0},"end":{"line":313,"column":54}},"314":{"start":{"line":315,"column":0},"end":{"line":315,"column":36}},"316":{"start":{"line":317,"column":0},"end":{"line":317,"column":35}},"317":{"start":{"line":318,"column":0},"end":{"line":318,"column":13}},"318":{"start":{"line":319,"column":0},"end":{"line":319,"column":34}},"319":{"start":{"line":320,"column":0},"end":{"line":320,"column":25}},"320":{"start":{"line":321,"column":0},"end":{"line":321,"column":32}},"321":{"start":{"line":322,"column":0},"end":{"line":322,"column":109}},"322":{"start":{"line":323,"column":0},"end":{"line":323,"column":11}},"323":{"start":{"line":324,"column":0},"end":{"line":324,"column":9}},"324":{"start":{"line":325,"column":0},"end":{"line":325,"column":7}},"325":{"start":{"line":326,"column":0},"end":{"line":326,"column":48}},"326":{"start":{"line":327,"column":0},"end":{"line":327,"column":7}},"328":{"start":{"line":329,"column":0},"end":{"line":329,"column":36}},"329":{"start":{"line":330,"column":0},"end":{"line":330,"column":35}},"330":{"start":{"line":331,"column":0},"end":{"line":331,"column":5}},"331":{"start":{"line":332,"column":0},"end":{"line":332,"column":1}},"336":{"start":{"line":337,"column":0},"end":{"line":337,"column":62}},"337":{"start":{"line":338,"column":0},"end":{"line":338,"column":27}},"338":{"start":{"line":339,"column":0},"end":{"line":339,"column":53}},"339":{"start":{"line":340,"column":0},"end":{"line":340,"column":47}},"340":{"start":{"line":341,"column":0},"end":{"line":341,"column":3}},"341":{"start":{"line":342,"column":0},"end":{"line":342,"column":16}},"342":{"start":{"line":343,"column":0},"end":{"line":343,"column":1}},"347":{"start":{"line":348,"column":0},"end":{"line":348,"column":63}},"348":{"start":{"line":349,"column":0},"end":{"line":349,"column":70}},"349":{"start":{"line":350,"column":0},"end":{"line":350,"column":62}},"350":{"start":{"line":351,"column":0},"end":{"line":351,"column":69}},"351":{"start":{"line":352,"column":0},"end":{"line":352,"column":57}},"352":{"start":{"line":353,"column":0},"end":{"line":353,"column":74}},"353":{"start":{"line":354,"column":0},"end":{"line":354,"column":78}},"354":{"start":{"line":355,"column":0},"end":{"line":355,"column":76}},"355":{"start":{"line":356,"column":0},"end":{"line":356,"column":56}},"356":{"start":{"line":357,"column":0},"end":{"line":357,"column":53}},"357":{"start":{"line":358,"column":0},"end":{"line":358,"column":1}},"362":{"start":{"line":363,"column":0},"end":{"line":363,"column":45}},"363":{"start":{"line":364,"column":0},"end":{"line":364,"column":32}},"365":{"start":{"line":366,"column":0},"end":{"line":366,"column":17}},"366":{"start":{"line":367,"column":0},"end":{"line":367,"column":40}},"367":{"start":{"line":368,"column":0},"end":{"line":368,"column":54}},"369":{"start":{"line":370,"column":0},"end":{"line":370,"column":74}},"370":{"start":{"line":371,"column":0},"end":{"line":371,"column":1}}},"s":{"1":1,"2":1,"3":1,"8":1,"10":1,"12":1,"14":1,"16":1,"18":1,"85":46,"86":46,"89":46,"90":46,"91":46,"92":46,"93":46,"94":46,"95":46,"96":46,"97":46,"98":46,"100":46,"101":46,"104":46,"105":38,"106":38,"109":46,"110":37,"111":37,"113":37,"114":2,"115":2,"117":37,"119":37,"121":37,"122":4,"123":0,"124":0,"125":4,"126":4,"129":33,"130":33,"131":33,"132":33,"133":33,"134":33,"135":33,"137":33,"138":33,"140":37,"141":2,"142":2,"143":37,"144":0,"145":0,"146":0,"147":37,"148":46,"149":46,"165":48,"166":48,"167":48,"168":48,"169":48,"170":48,"171":48,"173":48,"174":0,"175":0,"176":48,"178":48,"179":48,"180":48,"182":48,"183":198,"185":198,"186":11,"187":11,"188":11,"189":11,"191":0,"192":0,"193":198,"194":184,"195":184,"196":184,"199":184,"200":3,"201":3,"204":184,"205":3,"206":3,"208":178,"209":184,"211":0,"212":0,"213":184,"214":198,"216":47,"217":48,"219":1,"220":1,"221":48,"226":33,"227":33,"228":33,"229":33,"230":33,"231":33,"232":33,"233":33,"234":33,"235":33,"236":33,"237":33,"238":33,"240":33,"242":32,"244":32,"245":49,"246":49,"247":49,"249":49,"250":173,"251":171,"252":171,"253":171,"254":173,"255":2,"256":2,"257":0,"258":0,"259":2,"260":173,"261":49,"262":33,"264":1,"265":5,"266":5,"267":5,"268":5,"269":5,"270":5,"271":0,"272":0,"273":0,"274":0,"275":0,"276":5,"277":1,"279":33,"280":22,"281":11,"283":33,"284":33,"289":178,"290":178,"291":178,"292":178,"293":178,"294":178,"295":178,"297":178,"298":178,"299":178,"301":178,"302":178,"304":178,"305":172,"306":178,"308":178,"309":0,"310":178,"312":178,"314":178,"316":176,"317":3,"318":3,"319":3,"320":0,"321":0,"322":0,"323":0,"324":3,"325":176,"326":178,"328":178,"329":178,"330":178,"331":178,"336":32,"337":32,"338":32,"339":49,"340":49,"341":32,"342":32,"347":2,"348":2,"349":2,"350":2,"351":2,"352":2,"353":2,"354":2,"355":2,"356":2,"357":2,"362":4,"363":4,"365":0,"366":0,"367":0,"369":0,"370":0},"branchMap":{"0":{"type":"branch","line":9,"loc":{"start":{"line":9,"column":7},"end":{"line":9,"column":27}},"locations":[{"start":{"line":9,"column":7},"end":{"line":9,"column":27}}]},"1":{"type":"branch","line":86,"loc":{"start":{"line":86,"column":0},"end":{"line":150,"column":1}},"locations":[{"start":{"line":86,"column":0},"end":{"line":150,"column":1}}]},"2":{"type":"branch","line":105,"loc":{"start":{"line":105,"column":4},"end":{"line":107,"column":6}},"locations":[{"start":{"line":105,"column":4},"end":{"line":107,"column":6}}]},"3":{"type":"branch","line":110,"loc":{"start":{"line":110,"column":4},"end":{"line":148,"column":6}},"locations":[{"start":{"line":110,"column":4},"end":{"line":148,"column":6}}]},"4":{"type":"branch","line":114,"loc":{"start":{"line":114,"column":19},"end":{"line":116,"column":7}},"locations":[{"start":{"line":114,"column":19},"end":{"line":116,"column":7}}]},"5":{"type":"branch","line":122,"loc":{"start":{"line":122,"column":42},"end":{"line":127,"column":9}},"locations":[{"start":{"line":122,"column":42},"end":{"line":127,"column":9}}]},"6":{"type":"branch","line":123,"loc":{"start":{"line":123,"column":23},"end":{"line":125,"column":11}},"locations":[{"start":{"line":123,"column":23},"end":{"line":125,"column":11}}]},"7":{"type":"branch","line":127,"loc":{"start":{"line":127,"column":8},"end":{"line":141,"column":21}},"locations":[{"start":{"line":127,"column":8},"end":{"line":141,"column":21}}]},"8":{"type":"branch","line":141,"loc":{"start":{"line":141,"column":21},"end":{"line":143,"column":9}},"locations":[{"start":{"line":141,"column":21},"end":{"line":143,"column":9}}]},"9":{"type":"branch","line":144,"loc":{"start":{"line":144,"column":6},"end":{"line":147,"column":7}},"locations":[{"start":{"line":144,"column":6},"end":{"line":147,"column":7}}]},"10":{"type":"branch","line":166,"loc":{"start":{"line":166,"column":0},"end":{"line":222,"column":1}},"locations":[{"start":{"line":166,"column":0},"end":{"line":222,"column":1}}]},"11":{"type":"branch","line":174,"loc":{"start":{"line":174,"column":28},"end":{"line":176,"column":3}},"locations":[{"start":{"line":174,"column":28},"end":{"line":176,"column":3}}]},"12":{"type":"branch","line":183,"loc":{"start":{"line":183,"column":33},"end":{"line":215,"column":5}},"locations":[{"start":{"line":183,"column":33},"end":{"line":215,"column":5}}]},"13":{"type":"branch","line":186,"loc":{"start":{"line":186,"column":31},"end":{"line":194,"column":17}},"locations":[{"start":{"line":186,"column":31},"end":{"line":194,"column":17}}]},"14":{"type":"branch","line":190,"loc":{"start":{"line":190,"column":8},"end":{"line":193,"column":9}},"locations":[{"start":{"line":190,"column":8},"end":{"line":193,"column":9}}]},"15":{"type":"branch","line":194,"loc":{"start":{"line":194,"column":6},"end":{"line":214,"column":7}},"locations":[{"start":{"line":194,"column":6},"end":{"line":214,"column":7}}]},"16":{"type":"branch","line":194,"loc":{"start":{"line":194,"column":73},"end":{"line":214,"column":7}},"locations":[{"start":{"line":194,"column":73},"end":{"line":214,"column":7}}]},"17":{"type":"branch","line":200,"loc":{"start":{"line":200,"column":34},"end":{"line":202,"column":11}},"locations":[{"start":{"line":200,"column":34},"end":{"line":202,"column":11}}]},"18":{"type":"branch","line":202,"loc":{"start":{"line":202,"column":10},"end":{"line":205,"column":32}},"locations":[{"start":{"line":202,"column":10},"end":{"line":205,"column":32}}]},"19":{"type":"branch","line":205,"loc":{"start":{"line":205,"column":14},"end":{"line":205,"column":69}},"locations":[{"start":{"line":205,"column":14},"end":{"line":205,"column":69}}]},"20":{"type":"branch","line":205,"loc":{"start":{"line":205,"column":69},"end":{"line":207,"column":11}},"locations":[{"start":{"line":205,"column":69},"end":{"line":207,"column":11}}]},"21":{"type":"branch","line":207,"loc":{"start":{"line":207,"column":10},"end":{"line":210,"column":17}},"locations":[{"start":{"line":207,"column":10},"end":{"line":210,"column":17}}]},"22":{"type":"branch","line":210,"loc":{"start":{"line":210,"column":8},"end":{"line":213,"column":9}},"locations":[{"start":{"line":210,"column":8},"end":{"line":213,"column":9}}]},"23":{"type":"branch","line":215,"loc":{"start":{"line":215,"column":4},"end":{"line":218,"column":11}},"locations":[{"start":{"line":215,"column":4},"end":{"line":218,"column":11}}]},"24":{"type":"branch","line":218,"loc":{"start":{"line":218,"column":2},"end":{"line":221,"column":3}},"locations":[{"start":{"line":218,"column":2},"end":{"line":221,"column":3}}]},"25":{"type":"branch","line":194,"loc":{"start":{"line":194,"column":33},"end":{"line":194,"column":70}},"locations":[{"start":{"line":194,"column":33},"end":{"line":194,"column":70}}]},"26":{"type":"branch","line":227,"loc":{"start":{"line":227,"column":0},"end":{"line":285,"column":1}},"locations":[{"start":{"line":227,"column":0},"end":{"line":285,"column":1}}]},"27":{"type":"branch","line":241,"loc":{"start":{"line":241,"column":24},"end":{"line":263,"column":9}},"locations":[{"start":{"line":241,"column":24},"end":{"line":263,"column":9}}]},"28":{"type":"branch","line":245,"loc":{"start":{"line":245,"column":32},"end":{"line":262,"column":5}},"locations":[{"start":{"line":245,"column":32},"end":{"line":262,"column":5}}]},"29":{"type":"branch","line":250,"loc":{"start":{"line":250,"column":36},"end":{"line":261,"column":7}},"locations":[{"start":{"line":250,"column":36},"end":{"line":261,"column":7}}]},"30":{"type":"branch","line":251,"loc":{"start":{"line":251,"column":43},"end":{"line":255,"column":15}},"locations":[{"start":{"line":251,"column":43},"end":{"line":255,"column":15}}]},"31":{"type":"branch","line":255,"loc":{"start":{"line":255,"column":8},"end":{"line":260,"column":9}},"locations":[{"start":{"line":255,"column":8},"end":{"line":260,"column":9}}]},"32":{"type":"branch","line":257,"loc":{"start":{"line":257,"column":31},"end":{"line":259,"column":11}},"locations":[{"start":{"line":257,"column":31},"end":{"line":259,"column":11}}]},"33":{"type":"branch","line":263,"loc":{"start":{"line":263,"column":2},"end":{"line":278,"column":3}},"locations":[{"start":{"line":263,"column":2},"end":{"line":278,"column":3}}]},"34":{"type":"branch","line":265,"loc":{"start":{"line":265,"column":34},"end":{"line":277,"column":5}},"locations":[{"start":{"line":265,"column":34},"end":{"line":277,"column":5}}]},"35":{"type":"branch","line":271,"loc":{"start":{"line":271,"column":6},"end":{"line":276,"column":7}},"locations":[{"start":{"line":271,"column":6},"end":{"line":276,"column":7}}]},"36":{"type":"branch","line":280,"loc":{"start":{"line":280,"column":53},"end":{"line":281,"column":94}},"locations":[{"start":{"line":280,"column":53},"end":{"line":281,"column":94}}]},"37":{"type":"branch","line":281,"loc":{"start":{"line":281,"column":90},"end":{"line":282,"column":8}},"locations":[{"start":{"line":281,"column":90},"end":{"line":282,"column":8}}]},"38":{"type":"branch","line":247,"loc":{"start":{"line":247,"column":18},"end":{"line":247,"column":61}},"locations":[{"start":{"line":247,"column":18},"end":{"line":247,"column":61}}]},"39":{"type":"branch","line":290,"loc":{"start":{"line":290,"column":0},"end":{"line":332,"column":1}},"locations":[{"start":{"line":290,"column":0},"end":{"line":332,"column":1}}]},"40":{"type":"branch","line":291,"loc":{"start":{"line":291,"column":21},"end":{"line":331,"column":3}},"locations":[{"start":{"line":291,"column":21},"end":{"line":331,"column":3}}]},"41":{"type":"branch","line":305,"loc":{"start":{"line":305,"column":26},"end":{"line":307,"column":5}},"locations":[{"start":{"line":305,"column":26},"end":{"line":307,"column":5}}]},"42":{"type":"branch","line":315,"loc":{"start":{"line":315,"column":29},"end":{"line":327,"column":5}},"locations":[{"start":{"line":315,"column":29},"end":{"line":327,"column":5}}]},"43":{"type":"branch","line":317,"loc":{"start":{"line":317,"column":34},"end":{"line":325,"column":7}},"locations":[{"start":{"line":317,"column":34},"end":{"line":325,"column":7}}]},"44":{"type":"branch","line":320,"loc":{"start":{"line":320,"column":8},"end":{"line":324,"column":9}},"locations":[{"start":{"line":320,"column":8},"end":{"line":324,"column":9}}]},"45":{"type":"branch","line":337,"loc":{"start":{"line":337,"column":0},"end":{"line":343,"column":1}},"locations":[{"start":{"line":337,"column":0},"end":{"line":343,"column":1}}]},"46":{"type":"branch","line":339,"loc":{"start":{"line":339,"column":52},"end":{"line":341,"column":3}},"locations":[{"start":{"line":339,"column":52},"end":{"line":341,"column":3}}]},"47":{"type":"branch","line":348,"loc":{"start":{"line":348,"column":0},"end":{"line":358,"column":1}},"locations":[{"start":{"line":348,"column":0},"end":{"line":358,"column":1}}]},"48":{"type":"branch","line":363,"loc":{"start":{"line":363,"column":0},"end":{"line":371,"column":1}},"locations":[{"start":{"line":363,"column":0},"end":{"line":371,"column":1}}]},"49":{"type":"branch","line":364,"loc":{"start":{"line":364,"column":26},"end":{"line":371,"column":1}},"locations":[{"start":{"line":364,"column":26},"end":{"line":371,"column":1}}]}},"b":{"0":[4],"1":[46],"2":[38],"3":[37],"4":[2],"5":[4],"6":[0],"7":[33],"8":[2],"9":[0],"10":[48],"11":[0],"12":[198],"13":[11],"14":[0],"15":[187],"16":[184],"17":[3],"18":[181],"19":[4],"20":[3],"21":[178],"22":[0],"23":[47],"24":[1],"25":[208],"26":[33],"27":[32],"28":[49],"29":[173],"30":[171],"31":[2],"32":[0],"33":[1],"34":[5],"35":[0],"36":[22],"37":[11],"38":[173],"39":[178],"40":[178],"41":[172],"42":[176],"43":[3],"44":[0],"45":[32],"46":[49],"47":[2],"48":[4],"49":[0]},"fnMap":{"0":{"name":"brotliCompress","decl":{"start":{"line":86,"column":0},"end":{"line":150,"column":1}},"loc":{"start":{"line":86,"column":0},"end":{"line":150,"column":1}},"line":86},"1":{"name":"configResolved","decl":{"start":{"line":105,"column":4},"end":{"line":107,"column":6}},"loc":{"start":{"line":105,"column":4},"end":{"line":107,"column":6}},"line":105},"2":{"name":"closeBundle","decl":{"start":{"line":110,"column":4},"end":{"line":148,"column":6}},"loc":{"start":{"line":110,"column":4},"end":{"line":148,"column":6}},"line":110},"3":{"name":"findFiles","decl":{"start":{"line":166,"column":0},"end":{"line":222,"column":1}},"loc":{"start":{"line":166,"column":0},"end":{"line":222,"column":1}},"line":166},"4":{"name":"compressFiles","decl":{"start":{"line":227,"column":0},"end":{"line":285,"column":1}},"loc":{"start":{"line":227,"column":0},"end":{"line":285,"column":1}},"line":227},"5":{"name":"compressFile","decl":{"start":{"line":290,"column":0},"end":{"line":332,"column":1}},"loc":{"start":{"line":290,"column":0},"end":{"line":332,"column":1}},"line":290},"6":{"name":"chunkArray","decl":{"start":{"line":337,"column":0},"end":{"line":343,"column":1}},"loc":{"start":{"line":337,"column":0},"end":{"line":343,"column":1}},"line":337},"7":{"name":"logCompressionResults","decl":{"start":{"line":348,"column":0},"end":{"line":358,"column":1}},"loc":{"start":{"line":348,"column":0},"end":{"line":358,"column":1}},"line":348},"8":{"name":"formatBytes","decl":{"start":{"line":363,"column":0},"end":{"line":371,"column":1}},"loc":{"start":{"line":363,"column":0},"end":{"line":371,"column":1}},"line":363}},"f":{"0":46,"1":38,"2":37,"3":48,"4":33,"5":178,"6":32,"7":2,"8":4}}
}
